<?xml version="1.0" encoding="UTF-8"?>
<!-- Generated by org.testng.reporters.JUnitReportReporter -->
<testsuite skipped="0" hostname="sachin-PC" name="org.demo.JSONWrite" tests="1" failures="0" timestamp="07 Mar 2020 10:49:11 GMT" time="0.133" errors="0">
  <testcase name="test" time="0.133" classname="org.demo.JSONWrite"/>
</testsuite> <!-- org.demo.JSONWrite -->
