<?xml version="1.0" encoding="UTF-8"?>
<!-- Generated by org.testng.reporters.JUnitReportReporter -->
<testsuite skipped="0" hostname="sachin-PC" name="org.demo.JSONReadTest" tests="1" failures="0" timestamp="07 Mar 2020 09:35:29 GMT" time="0.029" errors="0">
  <testcase name="test01" time="0.029" classname="org.demo.JSONReadTest"/>
</testsuite> <!-- org.demo.JSONReadTest -->
